# JRE version: OpenJDK Runtime Environment (8.0_275-b01) (build 1.8.0_275-b01)
# Java VM: OpenJDK 64-Bit Server VM (25.275-b01 mixed mode bsd-amd64 compressed oops)
Heap:
 PSYoungGen      total 159744K, used 2676K [0x00000007b5580000, 0x00000007c0000000, 0x00000007c0000000)
  eden space 144896K, 1% used [0x00000007b5580000,0x00000007b581d1d8,0x00000007be300000)
  from space 14848K, 0% used [0x00000007be300000,0x00000007be300000,0x00000007bf180000)
  to   space 14336K, 0% used [0x00000007bf200000,0x00000007bf200000,0x00000007c0000000)
 ParOldGen       total 243200K, used 20683K [0x00000007a0000000, 0x00000007aed80000, 0x00000007b5580000)
  object space 243200K, 8% used [0x00000007a0000000,0x00000007a1432d18,0x00000007aed80000)
 Metaspace       used 55882K, capacity 58858K, committed 59284K, reserved 1099776K
  class space    used 7589K, capacity 8080K, committed 8124K, reserved 1048576K
GC Heap History (10 events):
Event: 3.093 GC heap before
{Heap before GC invocations=8 (full 2):
 PSYoungGen      total 162304K, used 9208K [0x00000007b5580000, 0x00000007c0000000, 0x00000007c0000000)
  eden space 153088K, 0% used [0x00000007b5580000,0x00000007b5580000,0x00000007beb00000)
  from space 9216K, 99% used [0x00000007bf700000,0x00000007bfffe068,0x00000007c0000000)
  to   space 10752K, 0% used [0x00000007beb00000,0x00000007beb00000,0x00000007bf580000)
 ParOldGen       total 99840K, used 8225K [0x00000007a0000000, 0x00000007a6180000, 0x00000007b5580000)
  object space 99840K, 8% used [0x00000007a0000000,0x00000007a08085e0,0x00000007a6180000)
 Metaspace       used 33163K, capacity 35386K, committed 35416K, reserved 1079296K
  class space    used 4337K, capacity 4734K, committed 4736K, reserved 1048576K
Event: 3.169 GC heap after
Heap after GC invocations=8 (full 2):
 PSYoungGen      total 162304K, used 0K [0x00000007b5580000, 0x00000007c0000000, 0x00000007c0000000)
  eden space 153088K, 0% used [0x00000007b5580000,0x00000007b5580000,0x00000007beb00000)
  from space 9216K, 0% used [0x00000007bf700000,0x00000007bf700000,0x00000007c0000000)
  to   space 10752K, 0% used [0x00000007beb00000,0x00000007beb00000,0x00000007bf580000)
 ParOldGen       total 171008K, used 15555K [0x00000007a0000000, 0x00000007aa700000, 0x00000007b5580000)
  object space 171008K, 9% used [0x00000007a0000000,0x00000007a0f30c00,0x00000007aa700000)
 Metaspace       used 33163K, capacity 35386K, committed 35416K, reserved 1079296K
  class space    used 4337K, capacity 4734K, committed 4736K, reserved 1048576K
}
Event: 3.955 GC heap before
{Heap before GC invocations=9 (full 2):
 PSYoungGen      total 162304K, used 153088K [0x00000007b5580000, 0x00000007c0000000, 0x00000007c0000000)
  eden space 153088K, 100% used [0x00000007b5580000,0x00000007beb00000,0x00000007beb00000)
  from space 9216K, 0% used [0x00000007bf700000,0x00000007bf700000,0x00000007c0000000)
  to   space 10752K, 0% used [0x00000007beb00000,0x00000007beb00000,0x00000007bf580000)
 ParOldGen       total 171008K, used 15555K [0x00000007a0000000, 0x00000007aa700000, 0x00000007b5580000)
  object space 171008K, 9% used [0x00000007a0000000,0x00000007a0f30c00,0x00000007aa700000)
 Metaspace       used 39073K, capacity 41916K, committed 42200K, reserved 1085440K
  class space    used 5102K, capacity 5585K, committed 5632K, reserved 1048576K
Event: 3.962 GC heap after
Heap after GC invocations=9 (full 2):
 PSYoungGen      total 163840K, used 7495K [0x00000007b5580000, 0x00000007c0000000, 0x00000007c0000000)
  eden space 153088K, 0% used [0x00000007b5580000,0x00000007b5580000,0x00000007beb00000)
  from space 10752K, 69% used [0x00000007beb00000,0x00000007bf251e60,0x00000007bf580000)
  to   space 10752K, 0% used [0x00000007bf580000,0x00000007bf580000,0x00000007c0000000)
 ParOldGen       total 171008K, used 15563K [0x00000007a0000000, 0x00000007aa700000, 0x00000007b5580000)
  object space 171008K, 9% used [0x00000007a0000000,0x00000007a0f32c00,0x00000007aa700000)
 Metaspace       used 39073K, capacity 41916K, committed 42200K, reserved 1085440K
  class space    used 5102K, capacity 5585K, committed 5632K, reserved 1048576K
}
Event: 5.236 GC heap before
{Heap before GC invocations=10 (full 2):
 PSYoungGen      total 163840K, used 160583K [0x00000007b5580000, 0x00000007c0000000, 0x00000007c0000000)
  eden space 153088K, 100% used [0x00000007b5580000,0x00000007beb00000,0x00000007beb00000)
  from space 10752K, 69% used [0x00000007beb00000,0x00000007bf251e60,0x00000007bf580000)
  to   space 10752K, 0% used [0x00000007bf580000,0x00000007bf580000,0x00000007c0000000)
 ParOldGen       total 171008K, used 15563K [0x00000007a0000000, 0x00000007aa700000, 0x00000007b5580000)
  object space 171008K, 9% used [0x00000007a0000000,0x00000007a0f32c00,0x00000007aa700000)
 Metaspace       used 53912K, capacity 56906K, committed 57432K, reserved 1099776K
  class space    used 7197K, capacity 7690K, committed 7808K, reserved 1048576K
Event: 5.251 GC heap after
Heap after GC invocations=10 (full 2):
 PSYoungGen      total 155648K, used 10721K [0x00000007b5580000, 0x00000007c0000000, 0x00000007c0000000)
  eden space 144896K, 0% used [0x00000007b5580000,0x00000007b5580000,0x00000007be300000)
  from space 10752K, 99% used [0x00000007bf580000,0x00000007bfff87a0,0x00000007c0000000)
  to   space 14848K, 0% used [0x00000007be300000,0x00000007be300000,0x00000007bf180000)
 ParOldGen       total 171008K, used 23243K [0x00000007a0000000, 0x00000007aa700000, 0x00000007b5580000)
  object space 171008K, 13% used [0x00000007a0000000,0x00000007a16b2e40,0x00000007aa700000)
 Metaspace       used 53912K, capacity 56906K, committed 57432K, reserved 1099776K
  class space    used 7197K, capacity 7690K, committed 7808K, reserved 1048576K
}
Event: 5.482 GC heap before
{Heap before GC invocations=11 (full 2):
 PSYoungGen      total 155648K, used 42949K [0x00000007b5580000, 0x00000007c0000000, 0x00000007c0000000)
  eden space 144896K, 22% used [0x00000007b5580000,0x00000007b74f8d40,0x00000007be300000)
  from space 10752K, 99% used [0x00000007bf580000,0x00000007bfff87a0,0x00000007c0000000)
  to   space 14848K, 0% used [0x00000007be300000,0x00000007be300000,0x00000007bf180000)
 ParOldGen       total 171008K, used 23243K [0x00000007a0000000, 0x00000007aa700000, 0x00000007b5580000)
  object space 171008K, 13% used [0x00000007a0000000,0x00000007a16b2e40,0x00000007aa700000)
 Metaspace       used 55799K, capacity 58728K, committed 59028K, reserved 1099776K
  class space    used 7573K, capacity 8079K, committed 8124K, reserved 1048576K
Event: 5.488 GC heap after
Heap after GC invocations=11 (full 2):
 PSYoungGen      total 159744K, used 9558K [0x00000007b5580000, 0x00000007c0000000, 0x00000007c0000000)
  eden space 144896K, 0% used [0x00000007b5580000,0x00000007b5580000,0x00000007be300000)
  from space 14848K, 64% used [0x00000007be300000,0x00000007bec55a90,0x00000007bf180000)
  to   space 14336K, 0% used [0x00000007bf200000,0x00000007bf200000,0x00000007c0000000)
 ParOldGen       total 171008K, used 23259K [0x00000007a0000000, 0x00000007aa700000, 0x00000007b5580000)
  object space 171008K, 13% used [0x00000007a0000000,0x00000007a16b6e50,0x00000007aa700000)
 Metaspace       used 55799K, capacity 58728K, committed 59028K, reserved 1099776K
  class space    used 7573K, capacity 8079K, committed 8124K, reserved 1048576K
}
Event: 5.488 GC heap before
{Heap before GC invocations=12 (full 3):
 PSYoungGen      total 159744K, used 9558K [0x00000007b5580000, 0x00000007c0000000, 0x00000007c0000000)
  eden space 144896K, 0% used [0x00000007b5580000,0x00000007b5580000,0x00000007be300000)
  from space 14848K, 64% used [0x00000007be300000,0x00000007bec55a90,0x00000007bf180000)
  to   space 14336K, 0% used [0x00000007bf200000,0x00000007bf200000,0x00000007c0000000)
 ParOldGen       total 171008K, used 23259K [0x00000007a0000000, 0x00000007aa700000, 0x00000007b5580000)
  object space 171008K, 13% used [0x00000007a0000000,0x00000007a16b6e50,0x00000007aa700000)
 Metaspace       used 55799K, capacity 58728K, committed 59028K, reserved 1099776K
  class space    used 7573K, capacity 8079K, committed 8124K, reserved 1048576K
Event: 5.593 GC heap after
Heap after GC invocations=12 (full 3):
 PSYoungGen      total 159744K, used 0K [0x00000007b5580000, 0x00000007c0000000, 0x00000007c0000000)
  eden space 144896K, 0% used [0x00000007b5580000,0x00000007b5580000,0x00000007be300000)
  from space 14848K, 0% used [0x00000007be300000,0x00000007be300000,0x00000007bf180000)
  to   space 14336K, 0% used [0x00000007bf200000,0x00000007bf200000,0x00000007c0000000)
 ParOldGen       total 243200K, used 20683K [0x00000007a0000000, 0x00000007aed80000, 0x00000007b5580000)
  object space 243200K, 8% used [0x00000007a0000000,0x00000007a1432d18,0x00000007aed80000)
 Metaspace       used 55799K, capacity 58728K, committed 59028K, reserved 1099776K
  class space    used 7573K, capacity 8079K, committed 8124K, reserved 1048576K
}

